Determining if the pthread_create exist failed with the following output:
Change Dir: /home/max/Waffle_ws/build/CMakeFiles/CMakeTmp

Run Build Command:"/usr/bin/make" "cmTC_13ce4/fast"
/usr/bin/make -f CMakeFiles/cmTC_13ce4.dir/build.make CMakeFiles/cmTC_13ce4.dir/build
make[1]: Entering directory '/home/max/Waffle_ws/build/CMakeFiles/CMakeTmp'
Building C object CMakeFiles/cmTC_13ce4.dir/CheckSymbolExists.c.o
/usr/bin/cc    -o CMakeFiles/cmTC_13ce4.dir/CheckSymbolExists.c.o   -c /home/max/Waffle_ws/build/CMakeFiles/CMakeTmp/CheckSymbolExists.c
Linking C executable cmTC_13ce4
/home/max/Downloads/cmake-3.8.2-Linux-x86_64/bin/cmake -E cmake_link_script CMakeFiles/cmTC_13ce4.dir/link.txt --verbose=1
/usr/bin/cc      -rdynamic CMakeFiles/cmTC_13ce4.dir/CheckSymbolExists.c.o  -o cmTC_13ce4 
CMakeFiles/cmTC_13ce4.dir/CheckSymbolExists.c.o: In function `main':
CheckSymbolExists.c:(.text+0x16): undefined reference to `pthread_create'
collect2: error: ld returned 1 exit status
CMakeFiles/cmTC_13ce4.dir/build.make:97: recipe for target 'cmTC_13ce4' failed
make[1]: *** [cmTC_13ce4] Error 1
make[1]: Leaving directory '/home/max/Waffle_ws/build/CMakeFiles/CMakeTmp'
Makefile:126: recipe for target 'cmTC_13ce4/fast' failed
make: *** [cmTC_13ce4/fast] Error 2

File /home/max/Waffle_ws/build/CMakeFiles/CMakeTmp/CheckSymbolExists.c:
/* */
#include <pthread.h>

int main(int argc, char** argv)
{
  (void)argv;
#ifndef pthread_create
  return ((int*)(&pthread_create))[argc];
#else
  (void)argc;
  return 0;
#endif
}

Determining if the function pthread_create exists in the pthreads failed with the following output:
Change Dir: /home/max/Waffle_ws/build/CMakeFiles/CMakeTmp

Run Build Command:"/usr/bin/make" "cmTC_48c7d/fast"
/usr/bin/make -f CMakeFiles/cmTC_48c7d.dir/build.make CMakeFiles/cmTC_48c7d.dir/build
make[1]: Entering directory '/home/max/Waffle_ws/build/CMakeFiles/CMakeTmp'
Building C object CMakeFiles/cmTC_48c7d.dir/CheckFunctionExists.c.o
/usr/bin/cc   -DCHECK_FUNCTION_EXISTS=pthread_create   -o CMakeFiles/cmTC_48c7d.dir/CheckFunctionExists.c.o   -c /home/max/Downloads/cmake-3.8.2-Linux-x86_64/share/cmake-3.8/Modules/CheckFunctionExists.c
Linking C executable cmTC_48c7d
/home/max/Downloads/cmake-3.8.2-Linux-x86_64/bin/cmake -E cmake_link_script CMakeFiles/cmTC_48c7d.dir/link.txt --verbose=1
/usr/bin/cc  -DCHECK_FUNCTION_EXISTS=pthread_create    -rdynamic CMakeFiles/cmTC_48c7d.dir/CheckFunctionExists.c.o  -o cmTC_48c7d -lpthreads 
/usr/bin/ld: cannot find -lpthreads
collect2: error: ld returned 1 exit status
CMakeFiles/cmTC_48c7d.dir/build.make:97: recipe for target 'cmTC_48c7d' failed
make[1]: *** [cmTC_48c7d] Error 1
make[1]: Leaving directory '/home/max/Waffle_ws/build/CMakeFiles/CMakeTmp'
Makefile:126: recipe for target 'cmTC_48c7d/fast' failed
make: *** [cmTC_48c7d/fast] Error 2


